* using log directory ‘/Users/kangyuso/carbcontpred/carbcontpred.Rcheck’
* using R version 4.3.2 (2023-10-31)
* using platform: aarch64-apple-darwin20 (64-bit)
* R was compiled by
    Apple clang version 14.0.0 (clang-1400.0.29.202)
    GNU Fortran (GCC) 12.2.0
* running under: macOS Ventura 13.5
* using session charset: UTF-8
* using options ‘--no-manual --as-cran’
* checking for file ‘carbcontpred/DESCRIPTION’ ... OK
* this is package ‘carbcontpred’ version ‘0.0.0.9000’
* package encoding: UTF-8
* checking package namespace information ... OK
* checking package dependencies ... OK
* checking if this is a source package ... OK
* checking if there is a namespace ... OK
* checking for executable files ... OK
* checking for hidden files and directories ... OK
* checking for portable file names ... WARNING
Found the following files with non-portable file names:
  GEOG 712.Rproj
  Image Assets
These are not fully portable file names.
See section ‘Package structure’ in the ‘Writing R Extensions’ manual.
* checking for sufficient/correct file permissions ... OK
* checking serialization versions ... OK
* checking whether package ‘carbcontpred’ can be installed ... OK
* checking installed package size ... OK
* checking package directory ... OK
* checking for future file timestamps ... OK
* checking DESCRIPTION meta-information ... OK
* checking top-level files ... NOTE
File
  LICENSE
is not mentioned in the DESCRIPTION file.
Non-standard files/directories found at top level:
  ‘GEOG 712.Rproj’ ‘Image Assets’
* checking for left-over files ... OK
* checking index information ... OK
* checking package subdirectories ... OK
* checking R files for non-ASCII characters ... OK
* checking R files for syntax errors ... OK
* checking whether the package can be loaded ... OK
* checking whether the package can be loaded with stated dependencies ... OK
* checking whether the package can be unloaded cleanly ... OK
* checking whether the namespace can be loaded with stated dependencies ... OK
* checking whether the namespace can be unloaded cleanly ... OK
* checking dependencies in R code ... WARNING
'library' or 'require' call not declared from: ‘caret’
'library' or 'require' call to ‘caret’ in package code.
  Please use :: or requireNamespace() instead.
  See section 'Suggested packages' in the 'Writing R Extensions' manual.
* checking S3 generic/method consistency ... OK
* checking replacement functions ... OK
* checking foreign function calls ... OK
* checking R code for possible problems ... NOTE
cpred: no visible global function definition for ‘install.packages’
cpred: no visible global function definition for ‘lm’
cpred: no visible global function definition for ‘formula’
cpred: no visible global function definition for ‘predict’
Undefined global functions or variables:
  formula install.packages lm predict
Consider adding
  importFrom("stats", "formula", "lm", "predict")
  importFrom("utils", "install.packages")
to your NAMESPACE file.
* checking Rd files ... OK
* checking Rd metadata ... OK
* checking Rd line widths ... OK
* checking Rd cross-references ... OK
* checking for missing documentation entries ... OK
* checking for code/documentation mismatches ... OK
* checking Rd \usage sections ... OK
* checking Rd contents ... OK
* checking for unstated dependencies in examples ... OK
* checking contents of ‘data’ directory ... OK
* checking data for non-ASCII characters ... OK
* checking LazyData ... OK
* checking data for ASCII and uncompressed saves ... OK
* checking examples ... OK
* checking for unstated dependencies in ‘tests’ ... OK
* checking tests ... ERROR
  Running ‘testthat.R’
Running the tests in ‘tests/testthat.R’ failed.
Last 13 lines of output:
  > test_check("carbcontpred")
  Loading required package: ggplot2
  Loading required package: lattice
  [ FAIL 1 | WARN 0 | SKIP 0 | PASS 0 ]
  
  ══ Failed tests ════════════════════════════════════════════════════════════════
  ── Failure ('test-cpred.R:2:3'): cpred-works ───────────────────────────────────
  cpred(...) (`actual`) not equal to 6 (`expected`).
  
  `actual` is an S3 object of class <data.frame>, a list
  `expected` is a double vector (6)
  
  [ FAIL 1 | WARN 0 | SKIP 0 | PASS 0 ]
  Error: Test failures
  Execution halted
* checking for non-standard things in the check directory ... OK
* checking for detritus in the temp directory ... OK
* DONE
Status: 1 ERROR, 2 WARNINGs, 2 NOTEs
